<?xml version="1.0" encoding="UTF-8"?>
<testng-results ignored="0" total="2" passed="2" failed="0" skipped="0">
  <reporter-output>
  </reporter-output>
  <suite started-at="2023-08-26T16:49:28 IST" name="Default suite" finished-at="2023-08-26T16:49:35 IST" duration-ms="7001">
    <groups>
    </groups>
    <test started-at="2023-08-26T16:49:28 IST" name="Default test" finished-at="2023-08-26T16:49:35 IST" duration-ms="7001">
      <class name="tests.TC1">
        <test-method signature="testJsonToPojoPost()[pri:1, instance:tests.TC1@76c3e77a]" started-at="2023-08-26T16:49:28 IST" name="testJsonToPojoPost" finished-at="2023-08-26T16:49:33 IST" duration-ms="4913" status="PASS">
          <reporter-output>
          </reporter-output>
        </test-method> <!-- testJsonToPojoPost -->
        <test-method signature="testJsonToPojoGet()[pri:2, instance:tests.TC1@76c3e77a]" started-at="2023-08-26T16:49:33 IST" name="testJsonToPojoGet" finished-at="2023-08-26T16:49:35 IST" duration-ms="2027" status="PASS">
          <reporter-output>
          </reporter-output>
        </test-method> <!-- testJsonToPojoGet -->
      </class> <!-- tests.TC1 -->
    </test> <!-- Default test -->
  </suite> <!-- Default suite -->
</testng-results>
